<?xml version="1.0" encoding="UTF-8"?>
<coverage generated="1762279045039" clover="3.2.0">
  <project timestamp="1762279045039" name="All files">
    <metrics statements="7" coveredstatements="4" conditionals="4" coveredconditionals="2" methods="2" coveredmethods="1" elements="13" coveredelements="7" complexity="0" loc="7" ncloc="7" packages="1" files="1" classes="1"/>
    <file name="app.js" path="C:\Users\crist\OneDrive\Escritorio\Actions-y-Bucket-S3\src\app.js">
      <metrics statements="7" coveredstatements="4" conditionals="4" coveredconditionals="2" methods="2" coveredmethods="1"/>
      <line num="9" count="2" type="stmt"/>
      <line num="13" count="1" type="cond" truecount="1" falsecount="1"/>
      <line num="14" count="0" type="stmt"/>
      <line num="15" count="0" type="stmt"/>
      <line num="16" count="0" type="stmt"/>
      <line num="21" count="1" type="cond" truecount="1" falsecount="1"/>
      <line num="22" count="1" type="stmt"/>
    </file>
  </project>
</coverage>
