{"C:\\Users\\crist\\OneDrive\\Escritorio\\Actions-y-Bucket-S3\\src\\app.js": {"path":"C:\\Users\\crist\\OneDrive\\Escritorio\\Actions-y-Bucket-S3\\src\\app.js","statementMap":{"0":{"start":{"line":9,"column":2},"end":{"line":9,"column":15}},"1":{"start":{"line":13,"column":0},"end":{"line":18,"column":1}},"2":{"start":{"line":14,"column":2},"end":{"line":17,"column":5}},"3":{"start":{"line":15,"column":15},"end":{"line":15,"column":47}},"4":{"start":{"line":16,"column":4},"end":{"line":16,"column":51}},"5":{"start":{"line":21,"column":0},"end":{"line":23,"column":1}},"6":{"start":{"line":22,"column":2},"end":{"line":22,"column":35}}},"fnMap":{"0":{"name":"incrementar","decl":{"start":{"line":8,"column":9},"end":{"line":8,"column":20}},"loc":{"start":{"line":8,"column":24},"end":{"line":10,"column":1}},"line":8},"1":{"name":"(anonymous_1)","decl":{"start":{"line":14,"column":60},"end":{"line":14,"column":61}},"loc":{"start":{"line":14,"column":66},"end":{"line":17,"column":3}},"line":14}},"branchMap":{"0":{"loc":{"start":{"line":13,"column":0},"end":{"line":18,"column":1}},"type":"if","locations":[{"start":{"line":13,"column":0},"end":{"line":18,"column":1}},{"start":{},"end":{}}],"line":13},"1":{"loc":{"start":{"line":21,"column":0},"end":{"line":23,"column":1}},"type":"if","locations":[{"start":{"line":21,"column":0},"end":{"line":23,"column":1}},{"start":{},"end":{}}],"line":21}},"s":{"0":2,"1":1,"2":0,"3":0,"4":0,"5":1,"6":1},"f":{"0":2,"1":0},"b":{"0":[0,1],"1":[1,0]},"_coverageSchema":"1a1c01bbd47fc00a2c39e90264f33305004495a9","hash":"37f07d06fbbe48d2832510c3497d25eeee139b71"}
}
